This is pdfTeX, Version 3.1415926-1.40.10 (TeX Live 2009/Debian) (format=pdflatex 2012.5.21)  5 NOV 2012 11:06
entering extended mode
 %&-line parsing enabled.
**Pottheo_2012.tex
(./Pottheo_2012.tex
LaTeX2e <2009/09/24>
Babel <v3.8l> and hyphenation patterns for english, usenglishmax, dumylang, noh
yphenation, ngerman, german, german-x-2009-06-19, ngerman-x-2009-06-19, bokmal,
 nynorsk, loaded.
(/usr/share/texmf-texlive/tex/latex/base/article.cls
Document Class: article 2007/10/19 v1.4h Standard LaTeX document class
(/usr/share/texmf-texlive/tex/latex/base/size10.clo
File: size10.clo 2007/10/19 v1.4h Standard LaTeX file (size option)
)
\c@part=\count79
\c@section=\count80
\c@subsection=\count81
\c@subsubsection=\count82
\c@paragraph=\count83
\c@subparagraph=\count84
\c@figure=\count85
\c@table=\count86
\abovecaptionskip=\skip41
\belowcaptionskip=\skip42
\bibindent=\dimen102
)
(/usr/share/texmf-texlive/tex/generic/german/german.sty v2.5e 1998-07-08
Package: german 1998/07/08 v2.5e Support for writing german texts (br)
\grmnU@D=\dimen103
german -- \language number for Austrian undefined, default 5 used.
german -- \language number for French undefined, default 255 used.
)
(/usr/share/texmf-texlive/tex/latex/base/fontenc.sty
Package: fontenc 2005/09/27 v1.99g Standard LaTeX package
)
(/usr/share/texmf-texlive/tex/latex/base/inputenc.sty
Package: inputenc 2008/03/30 v1.1d Input encoding file
\inpenc@prehook=\toks14
\inpenc@posthook=\toks15

(/usr/share/texmf-texlive/tex/latex/base/ansinew.def
File: ansinew.def 2008/03/30 v1.1d Input encoding file
))
(/usr/share/texmf-texlive/tex/latex/graphics/epsfig.sty
Package: epsfig 1999/02/16 v1.7a (e)psfig emulation (SPQR)

(/usr/share/texmf-texlive/tex/latex/graphics/graphicx.sty
Package: graphicx 1999/02/16 v1.0f Enhanced LaTeX Graphics (DPC,SPQR)

(/usr/share/texmf-texlive/tex/latex/graphics/keyval.sty
Package: keyval 1999/03/16 v1.13 key=value parser (DPC)
\KV@toks@=\toks16
)
(/usr/share/texmf-texlive/tex/latex/graphics/graphics.sty
Package: graphics 2009/02/05 v1.0o Standard LaTeX Graphics (DPC,SPQR)

(/usr/share/texmf-texlive/tex/latex/graphics/trig.sty
Package: trig 1999/03/16 v1.09 sin cos tan (DPC)
)
(/etc/texmf/tex/latex/config/graphics.cfg
File: graphics.cfg 2009/08/28 v1.8 graphics configuration of TeX Live
)
Package graphics Info: Driver file: pdftex.def on input line 91.

(/usr/share/texmf-texlive/tex/latex/pdftex-def/pdftex.def
File: pdftex.def 2010/03/12 v0.04p Graphics/color for pdfTeX
\Gread@gobject=\count87
))
\Gin@req@height=\dimen104
\Gin@req@width=\dimen105
)
\epsfxsize=\dimen106
\epsfysize=\dimen107
)
(/usr/share/texmf-texlive/tex/latex/oberdiek/epstopdf.sty
Package: epstopdf 2009/10/17 v2.4 Conversion with epstopdf on the fly (HO)

(/usr/share/texmf-texlive/tex/latex/oberdiek/epstopdf-base.sty
Package: epstopdf-base 2009/10/17 v2.4 Base part for package epstopdf

(/usr/share/texmf-texlive/tex/generic/oberdiek/infwarerr.sty
Package: infwarerr 2007/09/09 v1.2 Providing info/warning/message (HO)
)
(/usr/share/texmf-texlive/tex/latex/oberdiek/grfext.sty
Package: grfext 2007/09/30 v1.0 Managing graphics extensions (HO)
)
(/usr/share/texmf-texlive/tex/latex/oberdiek/kvoptions.sty
Package: kvoptions 2009/08/13 v3.4 Keyval support for LaTeX options (HO)

(/usr/share/texmf-texlive/tex/generic/oberdiek/kvsetkeys.sty
Package: kvsetkeys 2009/07/30 v1.5 Key value parser with default handler suppor
t (HO)

(/usr/share/texmf-texlive/tex/generic/oberdiek/etexcmds.sty
Package: etexcmds 2007/12/12 v1.2 Prefix for e-TeX command names (HO)
Package etexcmds Info: Could not find \expanded.
(etexcmds)             That can mean that you are not using pdfTeX 1.50 or
(etexcmds)             that some package has redefined \expanded.
(etexcmds)             In the latter case, load this package earlier.
)))
(/usr/share/texmf-texlive/tex/generic/oberdiek/pdftexcmds.sty
Package: pdftexcmds 2009/09/23 v0.6 LuaTeX support for pdfTeX utility functions
 (HO)

(/usr/share/texmf-texlive/tex/generic/oberdiek/ifluatex.sty
Package: ifluatex 2009/04/17 v1.2 Provides the ifluatex switch (HO)
Package ifluatex Info: LuaTeX not detected.
)
(/usr/share/texmf-texlive/tex/generic/oberdiek/ltxcmds.sty
Package: ltxcmds 2009/08/05 v1.0 Some LaTeX kernel commands for general use (HO
)
)
Package pdftexcmds Info: LuaTeX not detected.
Package pdftexcmds Info: \pdf@primitive is available.
Package pdftexcmds Info: \pdf@ifprimitive is available.
)

Package epstopdf Warning: Shell escape feature is not enabled.

Package grfext Info: Graphics extension search list:
(grfext)             [.png,.pdf,.jpg,.mps,.jpeg,.jbig2,.jb2,.PNG,.PDF,.JPG,.JPE
G,.JBIG2,.JB2,.eps]
(grfext)             \AppendGraphicsExtensions on input line 433.
(/usr/share/texmf-texlive/tex/latex/latexconfig/epstopdf-sys.cfg
File: epstopdf-sys.cfg 2009/10/26 v1.1 Configuration of epstopdf for TeX Live
)))
(/usr/share/texmf-texlive/tex/latex/listings/listings.sty
\lst@mode=\count88
\lst@gtempboxa=\box26
\lst@token=\toks17
\lst@length=\count89
\lst@currlwidth=\dimen108
\lst@column=\count90
\lst@pos=\count91
\lst@lostspace=\dimen109
\lst@width=\dimen110
\lst@newlines=\count92
\lst@lineno=\count93
\lst@maxwidth=\dimen111

(/usr/share/texmf-texlive/tex/latex/listings/lstmisc.sty
File: lstmisc.sty 2007/02/22 1.4 (Carsten Heinz)
\c@lstnumber=\count94
\lst@skipnumbers=\count95
\lst@framebox=\box27
)
(/usr/share/texmf-texlive/tex/latex/listings/listings.cfg
File: listings.cfg 2007/02/22 1.4 listings configuration
))
Package: listings 2007/02/22 1.4 (Carsten Heinz)

(/usr/share/texmf-texlive/tex/latex/amsmath/amsmath.sty
Package: amsmath 2000/07/18 v2.13 AMS math features
\@mathmargin=\skip43

For additional information on amsmath, use the `?' option.
(/usr/share/texmf-texlive/tex/latex/amsmath/amstext.sty
Package: amstext 2000/06/29 v2.01

(/usr/share/texmf-texlive/tex/latex/amsmath/amsgen.sty
File: amsgen.sty 1999/11/30 v2.0
\@emptytoks=\toks18
\ex@=\dimen112
))
(/usr/share/texmf-texlive/tex/latex/amsmath/amsbsy.sty
Package: amsbsy 1999/11/29 v1.2d
\pmbraise@=\dimen113
)
(/usr/share/texmf-texlive/tex/latex/amsmath/amsopn.sty
Package: amsopn 1999/12/14 v2.01 operator names
)
\inf@bad=\count96
LaTeX Info: Redefining \frac on input line 211.
\uproot@=\count97
\leftroot@=\count98
LaTeX Info: Redefining \overline on input line 307.
\classnum@=\count99
\DOTSCASE@=\count100
LaTeX Info: Redefining \ldots on input line 379.
LaTeX Info: Redefining \dots on input line 382.
LaTeX Info: Redefining \cdots on input line 467.
\Mathstrutbox@=\box28
\strutbox@=\box29
\big@size=\dimen114
LaTeX Font Info:    Redeclaring font encoding OML on input line 567.
LaTeX Font Info:    Redeclaring font encoding OMS on input line 568.
\macc@depth=\count101
\c@MaxMatrixCols=\count102
\dotsspace@=\muskip10
\c@parentequation=\count103
\dspbrk@lvl=\count104
\tag@help=\toks19
\row@=\count105
\column@=\count106
\maxfields@=\count107
\andhelp@=\toks20
\eqnshift@=\dimen115
\alignsep@=\dimen116
\tagshift@=\dimen117
\tagwidth@=\dimen118
\totwidth@=\dimen119
\lineht@=\dimen120
\@envbody=\toks21
\multlinegap=\skip44
\multlinetaggap=\skip45
\mathdisplay@stack=\toks22
LaTeX Info: Redefining \[ on input line 2666.
LaTeX Info: Redefining \] on input line 2667.
) (./Pottheo_2012.aux)
\openout1 = `Pottheo_2012.aux'.

LaTeX Font Info:    Checking defaults for OML/cmm/m/it on input line 17.
LaTeX Font Info:    ... okay on input line 17.
LaTeX Font Info:    Checking defaults for T1/cmr/m/n on input line 17.
LaTeX Font Info:    ... okay on input line 17.
LaTeX Font Info:    Checking defaults for OT1/cmr/m/n on input line 17.
LaTeX Font Info:    ... okay on input line 17.
LaTeX Font Info:    Checking defaults for OMS/cmsy/m/n on input line 17.
LaTeX Font Info:    ... okay on input line 17.
LaTeX Font Info:    Checking defaults for OMX/cmex/m/n on input line 17.
LaTeX Font Info:    ... okay on input line 17.
LaTeX Font Info:    Checking defaults for U/cmr/m/n on input line 17.
LaTeX Font Info:    ... okay on input line 17.

(/usr/share/texmf-texlive/tex/context/base/supp-pdf.mkii
[Loading MPS to PDF converter (version 2006.09.02).]
\scratchcounter=\count108
\scratchdimen=\dimen121
\scratchbox=\box30
\nofMPsegments=\count109
\nofMParguments=\count110
\everyMPshowfont=\toks23
\MPscratchCnt=\count111
\MPscratchDim=\dimen122
\MPnumerator=\count112
\everyMPtoPDFconversion=\toks24
)
\c@lstlisting=\count113
 [1

{/var/lib/texmf/fonts/map/pdftex/updmap/pdftex.map}] (./Pottheo_2012.toc)
\tf@toc=\write3
\openout3 = `Pottheo_2012.toc'.


[1] (./Pottheo_2012.lof)
\tf@lof=\write4
\openout4 = `Pottheo_2012.lof'.

 [2] (./Aufgaben.tex
Underfull \hbox (badness 10000) in paragraph at lines 4--10

 []


Overfull \hbox (14.93991pt too wide) in paragraph at lines 15--22
\OT1/cmr/m/n/10 Die nach-fol-gen-den Dar-stel-lun-gen zei-gen die Er-geb-nis-se
 der pro-gram-mier-ten Legendre-Polynome.
 []


Underfull \hbox (badness 10000) in paragraph at lines 15--22

 []

Package epstopdf Info: Source file: <Plots/zonal.eps>
(epstopdf)                    date: 2012-11-03 23:24:07
(epstopdf)                    size: 687178 bytes
(epstopdf)             Output file: <Plots/zonal-eps-converted-to.pdf>
(epstopdf)                    date: 2012-11-03 23:24:08
(epstopdf)                    size: 131369 bytes
(epstopdf)             Command: <epstopdf --outfile=Plots/zonal-eps-converted-t
o.pdf Plots/zonal.eps>
(epstopdf)             \includegraphics on input line 25.
Package epstopdf Info: Output file is already uptodate.
<Plots/zonal-eps-converted-to.pdf, id=17, 449.68pt x 338.26375pt>
File: Plots/zonal-eps-converted-to.pdf Graphic file (type pdf)

<use Plots/zonal-eps-converted-to.pdf>

LaTeX Warning: `!h' float specifier changed to `!ht'.

Package epstopdf Info: Source file: <Plots/sektoral.eps>
(epstopdf)                    date: 2012-11-03 23:24:08
(epstopdf)                    size: 689207 bytes
(epstopdf)             Output file: <Plots/sektoral-eps-converted-to.pdf>
(epstopdf)                    date: 2012-11-04 14:42:53
(epstopdf)                    size: 131333 bytes
(epstopdf)             Command: <epstopdf --outfile=Plots/sektoral-eps-converte
d-to.pdf Plots/sektoral.eps>
(epstopdf)             \includegraphics on input line 31.
Package epstopdf Info: Output file is already uptodate.
<Plots/sektoral-eps-converted-to.pdf, id=18, 449.68pt x 338.26375pt>
File: Plots/sektoral-eps-converted-to.pdf Graphic file (type pdf)

<use Plots/sektoral-eps-converted-to.pdf>

LaTeX Warning: `!h' float specifier changed to `!ht'.

[1]
Package epstopdf Info: Source file: <Plots/tesseral.eps>
(epstopdf)                    date: 2012-11-03 23:24:08
(epstopdf)                    size: 688797 bytes
(epstopdf)             Output file: <Plots/tesseral-eps-converted-to.pdf>
(epstopdf)                    date: 2012-11-03 23:24:08
(epstopdf)                    size: 133035 bytes
(epstopdf)             Command: <epstopdf --outfile=Plots/tesseral-eps-converte
d-to.pdf Plots/tesseral.eps>
(epstopdf)             \includegraphics on input line 38.
Package epstopdf Info: Output file is already uptodate.
 <Plots/tesseral-eps-converted-to.pdf, id=25, 449.68pt x 338.26375pt>
File: Plots/tesseral-eps-converted-to.pdf Graphic file (type pdf)

<use Plots/tesseral-eps-converted-to.pdf>

LaTeX Warning: `!h' float specifier changed to `!ht'.


Overfull \hbox (5.8124pt too wide) in paragraph at lines 47--50
\OT1/cmr/m/n/10 zu-geh[]ori-gen Stan-dard-ab-wei-chun-gen enth[]alt. Das Ein-le
-sen des Fi-les er-folg-te via load(`osu.txt`).
 []

[2 <./Plots/zonal-eps-converted-to.pdf> <./Plots/sektoral-eps-converted-to.pdf>
]
LaTeX Font Info:    Try loading font information for OMS+cmr on input line 51.
 (/usr/share/texmf-texlive/tex/latex/base/omscmr.fd
File: omscmr.fd 1999/05/25 v2.5h Standard LaTeX font definitions
)
LaTeX Font Info:    Font shape `OMS/cmr/m/n' in size <10> not available
(Font)              Font shape `OMS/cmsy/m/n' tried instead on input line 51.
 [3 <./Plots/tesseral-eps-converted-to.pdf>] [4]
Package epstopdf Info: Source file: <Plots/nn5.eps>
(epstopdf)                    date: 2012-11-03 23:24:07
(epstopdf)                    size: 314339 bytes
(epstopdf)             Output file: <Plots/nn5-eps-converted-to.pdf>
(epstopdf)                    date: 2012-11-03 23:24:08
(epstopdf)                    size: 109994 bytes
(epstopdf)             Command: <epstopdf --outfile=Plots/nn5-eps-converted-to.
pdf Plots/nn5.eps>
(epstopdf)             \includegraphics on input line 74.
Package epstopdf Info: Output file is already uptodate.

<Plots/nn5-eps-converted-to.pdf, id=59, 449.68pt x 338.26375pt>
File: Plots/nn5-eps-converted-to.pdf Graphic file (type pdf)

<use Plots/nn5-eps-converted-to.pdf> [5 <./Plots/nn5-eps-converted-to.pdf>]
Package epstopdf Info: Source file: <Plots/hoch.eps>
(epstopdf)                    date: 2012-11-03 23:24:07
(epstopdf)                    size: 1435022 bytes
(epstopdf)             Output file: <Plots/hoch-eps-converted-to.pdf>
(epstopdf)                    date: 2012-11-03 23:24:07
(epstopdf)                    size: 63194 bytes
(epstopdf)             Command: <epstopdf --outfile=Plots/hoch-eps-converted-to
.pdf Plots/hoch.eps>
(epstopdf)             \includegraphics on input line 81.
Package epstopdf Info: Output file is already uptodate.

<Plots/hoch-eps-converted-to.pdf, id=69, 562.1pt x 421.575pt>
File: Plots/hoch-eps-converted-to.pdf Graphic file (type pdf)

<use Plots/hoch-eps-converted-to.pdf>

LaTeX Warning: Reference `fig:subduktionszone' on page 6 undefined on input lin
e 89.

Package epstopdf Info: Source file: <Plots/indien.eps>
(epstopdf)                    date: 2012-11-03 23:24:07
(epstopdf)                    size: 1435024 bytes
(epstopdf)             Output file: <Plots/indien-eps-converted-to.pdf>
(epstopdf)                    date: 2012-11-03 23:24:07
(epstopdf)                    size: 53144 bytes
(epstopdf)             Command: <epstopdf --outfile=Plots/indien-eps-converted-
to.pdf Plots/indien.eps>
(epstopdf)             \includegraphics on input line 93.
Package epstopdf Info: Output file is already uptodate.
<Plots/indien-eps-converted-to.pdf, id=70, 562.1pt x 421.575pt>
File: Plots/indien-eps-converted-to.pdf Graphic file (type pdf)

<use Plots/indien-eps-converted-to.pdf>
Overfull \hbox (1.551pt too wide) in paragraph at lines 85--97
\OT1/cmr/m/n/10 Schwe-re-an-oma-li-en auf-wei-sen. Die Ur-sa-che f[]ur die lang
-wel-li-gen An-oma-li-en sind auf gro^^Yr[]aumi-
 []

[6 <./Plots/hoch-eps-converted-to.pdf>]
Package epstopdf Info: Source file: <Plots/indonesien.eps>
(epstopdf)                    date: 2012-11-03 23:24:07
(epstopdf)                    size: 1435028 bytes
(epstopdf)             Output file: <Plots/indonesien-eps-converted-to.pdf>
(epstopdf)                    date: 2012-11-03 23:24:08
(epstopdf)                    size: 57205 bytes
(epstopdf)             Command: <epstopdf --outfile=Plots/indonesien-eps-conver
ted-to.pdf Plots/indonesien.eps>
(epstopdf)             \includegraphics on input line 100.
Package epstopdf Info: Output file is already uptodate.

<Plots/indonesien-eps-converted-to.pdf, id=77, 562.1pt x 421.575pt>
File: Plots/indonesien-eps-converted-to.pdf Graphic file (type pdf)

<use Plots/indonesien-eps-converted-to.pdf>
Package epstopdf Info: Source file: <Plots/subduktionszone.eps>
(epstopdf)                    date: 2012-11-03 23:24:08
(epstopdf)                    size: 1435033 bytes
(epstopdf)             Output file: <Plots/subduktionszone-eps-converted-to.pdf
>
(epstopdf)                    date: 2012-11-04 14:42:55
(epstopdf)                    size: 54143 bytes
(epstopdf)             Command: <epstopdf --outfile=Plots/subduktionszone-eps-c
onverted-to.pdf Plots/subduktionszone.eps>
(epstopdf)             \includegraphics on input line 107.
Package epstopdf Info: Output file is already uptodate.

<Plots/subduktionszone-eps-converted-to.pdf, id=78, 562.1pt x 421.575pt>
File: Plots/subduktionszone-eps-converted-to.pdf Graphic file (type pdf)

<use Plots/subduktionszone-eps-converted-to.pdf>

LaTeX Warning: `!h' float specifier changed to `!ht'.

) [7 <./Plots/indien-eps-converted-to.pdf> <./Plots/indonesien-eps-converted-to
.pdf>] (./Aufgabe3.tex
Underfull \hbox (badness 10000) in paragraph at lines 2--4

 []

<Plots/Kugel.pdf, id=88, 859.03185pt x 793.42828pt>
File: Plots/Kugel.pdf Graphic file (type pdf)
 <use Plots/Kugel.pdf>
Overfull \hbox (31.1763pt too wide) in paragraph at lines 7--8
 [] 
 []


LaTeX Warning: `h' float specifier changed to `ht'.


Underfull \hbox (badness 10000) in paragraph at lines 13--15

 []

[8 <./Plots/subduktionszone-eps-converted-to.pdf>] [9 <./Plots/Kugel.pdf>]
<Plots/AnalytischeLsgKugel.pdf, id=119, 1141.24905pt x 847.89122pt>
File: Plots/AnalytischeLsgKugel.pdf Graphic file (type pdf)

<use Plots/AnalytischeLsgKugel.pdf>
<Plots/ApproxKugelSchwere.pdf, id=120, 1157.34053pt x 864.61722pt>
File: Plots/ApproxKugelSchwere.pdf Graphic file (type pdf)

<use Plots/ApproxKugelSchwere.pdf>

LaTeX Warning: `h' float specifier changed to `ht'.

[10 <./Plots/AnalytischeLsgKugel.pdf>]
Package epstopdf Info: Source file: <Plots/DifferenzAnalytischApproximiert.eps>

(epstopdf)                    date: 2012-11-03 23:24:07
(epstopdf)                    size: 9595 bytes
(epstopdf)             Output file: <Plots/DifferenzAnalytischApproximiert-eps-
converted-to.pdf>
(epstopdf)                    date: 2012-11-03 23:24:07
(epstopdf)                    size: 7927 bytes
(epstopdf)             Command: <epstopdf --outfile=Plots/DifferenzAnalytischAp
proximiert-eps-converted-to.pdf Plots/DifferenzAnalytischApproximiert.eps>
(epstopdf)             \includegraphics on input line 73.
Package epstopdf Info: Output file is already uptodate.

<Plots/DifferenzAnalytischApproximiert-eps-converted-to.pdf, id=151, 981.6675pt
 x 621.32124pt>
File: Plots/DifferenzAnalytischApproximiert-eps-converted-to.pdf Graphic file (
type pdf)

<use Plots/DifferenzAnalytischApproximiert-eps-converted-to.pdf>
Overfull \hbox (92.49397pt too wide) in paragraph at lines 73--74
 [] 
 []


LaTeX Warning: `h' float specifier changed to `ht'.

) [11 <./Plots/ApproxKugelSchwere.pdf>] (./Programmcodes/Aufgabe1.m [12 <./Plot
s/DifferenzAnalytischApproximiert-eps-converted-to.pdf>]) [13]
(./Programmcodes/Aufgabe2.m
Overfull \hbox (93.66643pt too wide) in paragraph at lines 42--43
[][][][][][][][][][][][][][][][][][][][][][][][][][][][] 
 []

[14]
Overfull \hbox (15.66563pt too wide) in paragraph at lines 65--66
[][][][][][][][][][][][][][][][][][][][][] 
 []

) [15] (./Programmcodes/Aufgabe3.m
Overfull \hbox (39.66588pt too wide) in paragraph at lines 2--4
[][][][][][][][][][][][][][][][][][][][][][][] 
 []

[16]
Overfull \hbox (69.66618pt too wide) in paragraph at lines 85--86
[][][][][][][][][][][][][][][][][][][][][][][][][][] 
 []


Overfull \hbox (33.66582pt too wide) in paragraph at lines 102--103
[][][][][][][][][][][][][][][][][][][][][][] 
 []

[17]
Overfull \hbox (69.66618pt too wide) in paragraph at lines 110--111
[][][][][][][][][][][][][][][][][][][][][][][][][][] 
 []

)
Overfull \hbox (69.66618pt too wide) in paragraph at lines 127--66
[][][][][][][][][][][][][][][][][][][][][][] 
 []

(./Programmcodes/kreis.m) (./Programmcodes/kugel.m [18]) [19]
(./Pottheo_2012.aux)

LaTeX Warning: There were undefined references.


LaTeX Warning: Label(s) may have changed. Rerun to get cross-references right.

 ) 
Here is how much of TeX's memory you used:
 4004 strings out of 494900
 52267 string characters out of 1178812
 135400 words of memory out of 3000000
 7133 multiletter control sequences out of 15000+50000
 6564 words of font info for 24 fonts, out of 3000000 for 9000
 118 hyphenation exceptions out of 8191
 41i,7n,32p,1106b,1519s stack positions out of 5000i,500n,10000p,200000b,50000s
</usr/share/texmf-texlive/fonts/type1/public/amsfonts/cm/cmbx10.pfb></usr/sha
re/texmf-texlive/fonts/type1/public/amsfonts/cm/cmbx12.pfb></usr/share/texmf-te
xlive/fonts/type1/public/amsfonts/cm/cmex10.pfb></usr/share/texmf-texlive/fonts
/type1/public/amsfonts/cm/cmmi10.pfb></usr/share/texmf-texlive/fonts/type1/publ
ic/amsfonts/cm/cmmi7.pfb></usr/share/texmf-texlive/fonts/type1/public/amsfonts/
cm/cmr10.pfb></usr/share/texmf-texlive/fonts/type1/public/amsfonts/cm/cmr12.pfb
></usr/share/texmf-texlive/fonts/type1/public/amsfonts/cm/cmr5.pfb></usr/share/
texmf-texlive/fonts/type1/public/amsfonts/cm/cmr7.pfb></usr/share/texmf-texlive
/fonts/type1/public/amsfonts/cm/cmsy10.pfb></usr/share/texmf-texlive/fonts/type
1/public/amsfonts/cm/cmsy7.pfb></usr/share/texmf-texlive/fonts/type1/public/ams
fonts/cm/cmti10.pfb>
Output written on Pottheo_2012.pdf (22 pages, 2131462 bytes).
PDF statistics:
 250 PDF objects out of 1000 (max. 8388607)
 0 named destinations out of 1000 (max. 500000)
 61 words of extra memory for PDF output out of 10000 (max. 10000000)

